// 同步 ID: 17c390ba @ Mon Jun 15 22:38:38 UTC 2026
// 同步 ID: 0f6ac056 @ Wed Jun 17 15:15:31 UTC 2026
// 同步 ID: 8598f4d1 @ Wed Jun 17 18:28:48 UTC 2026
// 重构日志: 9e0a3694
// 同步 ID: d89cb1eb @ Fri Jun 19 08:18:56 UTC 2026
// 重构日志: dd2d74b8
// 重构日志: bf4576fc
// 同步 ID: dc594217 @ Sat Jun 20 08:36:14 UTC 2026
// 重构日志: bd88420a
// 同步 ID: 27b7705e @ Sun Jun 21 17:49:16 UTC 2026
// 同步 ID: 4a6a2e27 @ Sun Jun 21 19:49:27 UTC 2026
// 重构日志: 5bf79aed
// 重构日志: 7d8a53d8
// 重构日志: dc0da243
// 同步 ID: 3fe3de71 @ Wed Jun 24 02:19:55 UTC 2026
// 重构日志: ea01dd6c
// 同步 ID: 7092cf9b @ Wed Jun 24 13:18:55 UTC 2026
// 重构日志: 810d9183
// 同步 ID: 4283387c @ Fri Jun 26 15:30:41 UTC 2026
// 同步 ID: 2bae843e @ Fri Jun 26 23:38:45 UTC 2026
// 重构日志: 0d8aa19b
// 同步 ID: 65bcb057 @ Sat Jun 27 12:11:18 UTC 2026
// 重构日志: 520fbe65
// 重构日志: 06bfd6ba
// 重构日志: e9621235
// 重构日志: 05bccbb7
// 重构日志: 694e7056
// 重构日志: d4992f7b
// 同步 ID: 1d816077 @ Fri Jul  3 01:57:58 UTC 2026
// 同步 ID: adccfa25 @ Fri Jul  3 13:55:28 UTC 2026
// 重构日志: 69ae7c61
// 重构日志: a13f70d5
